{"level":"info","message":"Request info: Method - GET, url - /users, query params - {}, body - {}","service":"user-service"}
{"level":"info","message":"Request info: Method - POST, url - /boards, query params - {}, body - {\"title\":\"Autotest board\",\"columns\":[{\"title\":\"Backlog\",\"order\":1},{\"title\":\"Sprint\",\"order\":2}]}","service":"user-service"}
{"level":"info","message":"Request info: Method - POST, url - /boards, query params - {}, body - {\"title\":\"Autotest board\",\"columns\":[{\"title\":\"Backlog\",\"order\":1},{\"title\":\"Sprint\",\"order\":2}]}","service":"user-service"}
{"level":"info","message":"Request info: Method - POST, url - /boards/f608b6d8-a8de-446f-8e62-8acec01aef7e/tasks, query params - {}, body - {\"title\":\"Autotest task\",\"order\":0,\"description\":\"Lorem ipsum\",\"userId\":null,\"boardId\":null,\"columnId\":null}","service":"user-service"}
{"level":"error","message":"An error occured: TypeError: Found non-callable @@iterator","service":"user-service"}
{"level":"info","message":"Request info: Method - GET, url - /boards, query params - {}, body - {}","service":"user-service"}
{"level":"info","message":"Request info: Method - POST, url - /users, query params - {}, body - {\"name\":\"TEST_USER\",\"login\":\"test_user\",\"password\":\"T35t_P@55w0rd\"}","service":"user-service"}
{"level":"info","message":"Request info: Method - GET, url - /boards, query params - {}, body - {}","service":"user-service"}
{"level":"info","message":"Request info: Method - GET, url - /users/8c36c83b-7869-4fdb-8e2c-77fee8100536, query params - {}, body - {}","service":"user-service"}
{"level":"info","message":"Request info: Method - DELETE, url - /users/8c36c83b-7869-4fdb-8e2c-77fee8100536, query params - {}, body - {}","service":"user-service"}
{"level":"info","message":"Request info: Method - GET, url - /boards/c2838680-4948-4fa9-900b-3c23e2b77d63, query params - {}, body - {}","service":"user-service"}
{"level":"info","message":"Request info: Method - POST, url - /boards, query params - {}, body - {\"title\":\"Autotest board\",\"columns\":[{\"title\":\"Backlog\",\"order\":1},{\"title\":\"Sprint\",\"order\":2}]}","service":"user-service"}
{"level":"info","message":"Request info: Method - POST, url - /users, query params - {}, body - {\"name\":\"TEST_USER\",\"login\":\"test_user\",\"password\":\"T35t_P@55w0rd\"}","service":"user-service"}
{"level":"info","message":"Request info: Method - DELETE, url - /boards/5342ec9d-a391-4b4a-9f89-9b40d9963f1d, query params - {}, body - {}","service":"user-service"}
{"level":"info","message":"Request info: Method - DELETE, url - /users/eca4b0bd-a061-49e2-b7bb-39bb1a605d02, query params - {}, body - {}","service":"user-service"}
{"level":"info","message":"Request info: Method - POST, url - /boards, query params - {}, body - {\"title\":\"Autotest board\",\"columns\":[{\"title\":\"Backlog\",\"order\":1},{\"title\":\"Sprint\",\"order\":2}]}","service":"user-service"}
{"level":"info","message":"Request info: Method - PUT, url - /boards/39a2f0aa-4fc7-437e-8fcb-dc68100fd991, query params - {}, body - {\"columns\":[{\"title\":\"Backlog\",\"order\":1},{\"title\":\"Sprint\",\"order\":2}],\"_id\":\"5f91995ab260e52874c1dfaa\",\"id\":\"39a2f0aa-4fc7-437e-8fcb-dc68100fd991\",\"title\":\"Autotest updated board\",\"description\":\"Board\",\"__v\":0}","service":"user-service"}
{"level":"info","message":"Request info: Method - POST, url - /users, query params - {}, body - {\"name\":\"TEST_USER\",\"login\":\"test_user\",\"password\":\"T35t_P@55w0rd\"}","service":"user-service"}
{"level":"info","message":"Request info: Method - PUT, url - /users/7e4f50e5-6635-4aba-89e3-7491a53d9311, query params - {}, body - {\"name\":\"Autotest updated TEST_USER\",\"login\":\"test_user\",\"password\":\"T35t_P@55w0rd\",\"id\":\"7e4f50e5-6635-4aba-89e3-7491a53d9311\"}","service":"user-service"}
{"level":"info","message":"Request info: Method - GET, url - /boards/39a2f0aa-4fc7-437e-8fcb-dc68100fd991, query params - {}, body - {}","service":"user-service"}
{"level":"info","message":"Request info: Method - DELETE, url - /boards/39a2f0aa-4fc7-437e-8fcb-dc68100fd991, query params - {}, body - {}","service":"user-service"}
{"level":"info","message":"Request info: Method - GET, url - /users/7e4f50e5-6635-4aba-89e3-7491a53d9311, query params - {}, body - {}","service":"user-service"}
{"level":"info","message":"Request info: Method - DELETE, url - /users/7e4f50e5-6635-4aba-89e3-7491a53d9311, query params - {}, body - {}","service":"user-service"}
{"level":"info","message":"Request info: Method - POST, url - /boards, query params - {}, body - {\"title\":\"Autotest board\",\"columns\":[{\"title\":\"Backlog\",\"order\":1},{\"title\":\"Sprint\",\"order\":2}]}","service":"user-service"}
{"level":"info","message":"Request info: Method - DELETE, url - /boards/a0991c31-3781-4ce9-b35c-3ea7838e1092, query params - {}, body - {}","service":"user-service"}
{"level":"info","message":"Request info: Method - POST, url - /users, query params - {}, body - {\"name\":\"TEST_USER\",\"login\":\"test_user\",\"password\":\"T35t_P@55w0rd\"}","service":"user-service"}
{"level":"info","message":"Request info: Method - DELETE, url - /users/6cec03b5-220d-4b9c-a84a-f8e446c94644, query params - {}, body - {}","service":"user-service"}
{"level":"info","message":"Request info: Method - GET, url - /boards/a0991c31-3781-4ce9-b35c-3ea7838e1092, query params - {}, body - {}","service":"user-service"}
{"level":"info","message":"Request info: Method - POST, url - /boards, query params - {}, body - {\"title\":\"Autotest board\",\"columns\":[{\"title\":\"Backlog\",\"order\":1},{\"title\":\"Sprint\",\"order\":2}]}","service":"user-service"}
{"level":"info","message":"Request info: Method - POST, url - /users, query params - {}, body - {\"name\":\"TEST_USER\",\"login\":\"test_user\",\"password\":\"T35t_P@55w0rd\"}","service":"user-service"}
{"level":"info","message":"Request info: Method - POST, url - /boards/51329f70-d3c9-4223-9ea4-5d2396e31a3b/tasks, query params - {}, body - {\"title\":\"Task #1\",\"order\":1,\"description\":\"Lorem ipsum\",\"boardId\":\"51329f70-d3c9-4223-9ea4-5d2396e31a3b\",\"userId\":null,\"columnId\":null}","service":"user-service"}
{"level":"error","message":"An error occured: TypeError: Found non-callable @@iterator","service":"user-service"}
{"level":"info","message":"Request info: Method - POST, url - /boards/51329f70-d3c9-4223-9ea4-5d2396e31a3b/tasks, query params - {}, body - {\"title\":\"Task #3\",\"order\":3,\"description\":\"Lorem ipsum\",\"boardId\":\"51329f70-d3c9-4223-9ea4-5d2396e31a3b\",\"userId\":null,\"columnId\":null}","service":"user-service"}
{"level":"error","message":"An error occured: TypeError: Found non-callable @@iterator","service":"user-service"}
{"level":"info","message":"Request info: Method - POST, url - /boards/51329f70-d3c9-4223-9ea4-5d2396e31a3b/tasks, query params - {}, body - {\"title\":\"Task #4\",\"order\":4,\"description\":\"Lorem ipsum\",\"boardId\":\"51329f70-d3c9-4223-9ea4-5d2396e31a3b\",\"userId\":null,\"columnId\":null}","service":"user-service"}
{"level":"error","message":"An error occured: TypeError: Found non-callable @@iterator","service":"user-service"}
{"level":"info","message":"Request info: Method - POST, url - /boards/51329f70-d3c9-4223-9ea4-5d2396e31a3b/tasks, query params - {}, body - {\"title\":\"Task #2\",\"order\":2,\"description\":\"Lorem ipsum\",\"boardId\":\"51329f70-d3c9-4223-9ea4-5d2396e31a3b\",\"userId\":null,\"columnId\":null}","service":"user-service"}
{"level":"error","message":"An error occured: TypeError: Found non-callable @@iterator","service":"user-service"}
{"level":"info","message":"Request info: Method - POST, url - /boards/51329f70-d3c9-4223-9ea4-5d2396e31a3b/tasks, query params - {}, body - {\"title\":\"Task #5\",\"order\":5,\"description\":\"Lorem ipsum\",\"boardId\":\"51329f70-d3c9-4223-9ea4-5d2396e31a3b\",\"userId\":null,\"columnId\":null}","service":"user-service"}
{"level":"error","message":"An error occured: TypeError: Found non-callable @@iterator","service":"user-service"}
{"level":"info","message":"Request info: Method - POST, url - /boards, query params - {}, body - {\"title\":\"Autotest board\",\"columns\":[{\"title\":\"Backlog\",\"order\":1},{\"title\":\"Sprint\",\"order\":2}]}","service":"user-service"}
{"level":"info","message":"Request info: Method - POST, url - /boards/7c9877be-cd20-43ad-8f10-a40853607500/tasks, query params - {}, body - {\"title\":\"Task #1\",\"order\":1,\"description\":\"Lorem ipsum\",\"userId\":\"b5414a9a-6930-49f2-8785-46bca957bb20\",\"boardId\":\"7c9877be-cd20-43ad-8f10-a40853607500\"}","service":"user-service"}
{"level":"error","message":"An error occured: TypeError: Found non-callable @@iterator","service":"user-service"}
{"level":"info","message":"Request info: Method - POST, url - /boards/7c9877be-cd20-43ad-8f10-a40853607500/tasks, query params - {}, body - {\"title\":\"Task #2\",\"order\":2,\"description\":\"Lorem ipsum\",\"userId\":\"b5414a9a-6930-49f2-8785-46bca957bb20\",\"boardId\":\"7c9877be-cd20-43ad-8f10-a40853607500\"}","service":"user-service"}
{"level":"error","message":"An error occured: TypeError: Found non-callable @@iterator","service":"user-service"}
{"level":"info","message":"Request info: Method - GET, url - /boards/f608b6d8-a8de-446f-8e62-8acec01aef7e/tasks, query params - {}, body - {}","service":"user-service"}
{"level":"info","message":"Request info: Method - GET, url - /boards/f608b6d8-a8de-446f-8e62-8acec01aef7e/tasks, query params - {}, body - {}","service":"user-service"}
{"level":"info","message":"Request info: Method - GET, url - /boards/undefined/tasks/94733204-1e45-4be5-b935-95ba138a68e4, query params - {}, body - {}","service":"user-service"}
{"level":"info","message":"Request info: Method - POST, url - /boards/f608b6d8-a8de-446f-8e62-8acec01aef7e/tasks, query params - {}, body - {\"title\":\"Autotest task\",\"order\":0,\"description\":\"Lorem ipsum\",\"userId\":null,\"boardId\":null,\"columnId\":null}","service":"user-service"}
{"level":"error","message":"An error occured: TypeError: Found non-callable @@iterator","service":"user-service"}
{"level":"info","message":"Request info: Method - DELETE, url - /boards/4b0898ac-e5a2-448d-b78c-c8acb9244fd3, query params - {}, body - {}","service":"user-service"}
{"level":"info","message":"Request info: Method - POST, url - /boards/f608b6d8-a8de-446f-8e62-8acec01aef7e/tasks, query params - {}, body - {\"title\":\"Autotest task\",\"order\":0,\"description\":\"Lorem ipsum\",\"userId\":null,\"boardId\":null,\"columnId\":null}","service":"user-service"}
{"level":"error","message":"An error occured: TypeError: Found non-callable @@iterator","service":"user-service"}
{"level":"info","message":"Request info: Method - GET, url - /boards/f608b6d8-a8de-446f-8e62-8acec01aef7e/tasks/undefined, query params - {}, body - {}","service":"user-service"}
{"level":"error","message":"An error occured: Error: Task Not found: id=undefined","service":"user-service"}
{"level":"info","message":"Request info: Method - DELETE, url - /boards/f608b6d8-a8de-446f-8e62-8acec01aef7e, query params - {}, body - {}","service":"user-service"}
